2026-02-02 21:03:36,610 [INFO] Инициализация базы данных (Safe Update Mode)...
2026-02-02 21:03:36,790 [INFO] Добавлена колонка device в таблицу sessions
2026-02-02 21:03:36,790 [INFO] Добавлена колонка ip в таблицу sessions
2026-02-02 21:03:36,791 [INFO] Добавлена колонка is_pinned в таблицу messages
2026-02-02 21:03:36,791 [INFO] Добавлена колонка expires_at в таблицу messages
2026-02-02 21:03:36,791 [INFO] Добавлена колонка lat в таблицу messages
2026-02-02 21:03:36,791 [INFO] Добавлена колонка lon в таблицу messages
2026-02-02 21:03:36,792 [INFO] Добавлена колонка contact_data в таблицу messages
2026-02-02 21:03:36,792 [INFO] Добавлена колонка reply_to в таблицу messages
2026-02-02 21:03:36,792 [INFO] Добавлена колонка reply_to в таблицу group_messages
2026-02-02 21:03:36,793 [INFO] Добавлена колонка attachments в таблицу group_messages
2026-02-02 21:03:36,793 [INFO] Добавлена колонка is_pinned в таблицу group_messages
2026-02-02 21:03:36,793 [INFO] Добавлена колонка expires_at в таблицу group_messages
2026-02-02 21:03:36,794 [INFO] Добавлена колонка poll_id в таблицу group_messages
2026-02-02 21:03:36,794 [INFO] Добавлена колонка last_message_preview в таблицу collective_chats
2026-02-02 21:03:36,794 [INFO] Добавлена колонка pinned_msg_id в таблицу collective_chats
2026-02-02 21:03:36,795 [INFO] Добавлена колонка is_pinned в таблицу chat_members
2026-02-02 21:03:36,795 [INFO] Добавлена колонка last_read_id в таблицу chat_members
2026-02-02 21:03:36,795 [INFO] Добавлена колонка reply_to в таблицу scheduled_messages
2026-02-02 21:03:36,796 [INFO] Добавлена колонка multiple в таблицу polls
2026-02-02 21:03:36,796 [INFO] Добавлена колонка about в таблицу users
2026-02-02 21:03:36,796 [INFO] Добавлена колонка social в таблицу users
2026-02-02 21:03:36,925 [INFO] База данных успешно обновлена. Ошибок с колонками быть не должно.
2026-02-02 21:03:36,964 [INFO] Server starting on port 5058...
2026-02-02 22:02:48,869 [INFO] Инициализация базы данных (Safe Update Mode)...
2026-02-02 22:02:48,894 [INFO] Добавлена колонка verified в таблицу users
2026-02-02 22:02:48,939 [INFO] База данных успешно обновлена. Ошибок с колонками быть не должно.
2026-02-02 22:02:48,974 [INFO] Server starting on port 5058...
